#
# There is insufficient memory for the Java Runtime Environment to continue.
# Native memory allocation (malloc) failed to allocate 1315696 bytes for Chunk::new
# Possible reasons:
#   The system is out of physical RAM or swap space
#   The process is running with CompressedOops enabled, and the Java Heap may be blocking the growth of the native heap
# Possible solutions:
#   Reduce memory load on the system
#   Increase physical memory or swap space
#   Check if swap backing store is full
#   Decrease Java heap size (-Xmx/-Xms)
#   Decrease number of Java threads
#   Decrease Java thread stack sizes (-Xss)
#   Set larger code cache with -XX:ReservedCodeCacheSize=
#   JVM is running with Unscaled Compressed Oops mode in which the Java heap is
#     placed in the first 4GB address space. The Java Heap base address is the
#     maximum limit for the native heap growth. Please use -XX:HeapBaseMinAddress
#     to set the Java Heap base and to place the Java Heap above 4GB virtual address.
# This output file may be truncated or incomplete.
#
#  Out of Memory Error (./open/src/hotspot/share/memory/arena.cpp:195), pid=13340, tid=14192
#
# JRE version: Java(TM) SE Runtime Environment (15.0.2+7) (build 15.0.2+7-27)
# Java VM: Java HotSpot(TM) 64-Bit Server VM (15.0.2+7-27, mixed mode, sharing, tiered, compressed oops, parallel gc, windows-amd64)
# No core dump will be written. Minidumps are not enabled by default on client versions of Windows
#

---------------  S U M M A R Y ------------

Command Line: --add-modules=ALL-SYSTEM --add-opens=java.base/java.util=ALL-UNNAMED --add-opens=java.base/java.lang=ALL-UNNAMED -Declipse.application=org.eclipse.jdt.ls.core.id1 -Dosgi.bundles.defaultStartLevel=4 -Declipse.product=org.eclipse.jdt.ls.core.product -Dfile.encoding=utf8 -DwatchParentProcess=false -XX:+UseParallelGC -XX:GCTimeRatio=4 -XX:AdaptiveSizePolicyWeight=90 -Dsun.zip.disableMemoryMapping=true -Xmx1G -Xms100m c:\Users\ProGamer\.vscode\extensions\redhat.java-0.79.2\server\plugins\org.eclipse.equinox.launcher_1.6.100.v20201223-0822.jar -configuration c:\Users\ProGamer\AppData\Roaming\Code\User\globalStorage\redhat.java\0.79.2\config_win -data c:\Users\ProGamer\AppData\Roaming\Code\User\workspaceStorage\e7ff33361a195e766d8cc1eddbeea5a1\redhat.java\jdt_ws

Host: Intel(R) Core(TM) i5-7400 CPU @ 3.00GHz, 4 cores, 15G,  Windows 10 , 64 bit Build 18362 (10.0.18362.1500)
Time: Thu May 27 21:02:24 2021 RTZ 2 (ceia) elapsed time: 542.098726 seconds (0d 0h 9m 2s)

---------------  T H R E A D  ---------------

Current thread (0x0000019add358fc0):  JavaThread "C2 CompilerThread0" daemon [_thread_in_native, id=14192, stack(0x00000044add00000,0x00000044ade00000)]


Current CompileTask:
C2: 542099 17541       4       org.eclipse.jdt.internal.compiler.ast.ArrayInitializer::generateCode (423 bytes)

Stack: [0x00000044add00000,0x00000044ade00000]
Native frames: (J=compiled Java code, j=interpreted, Vv=VM code, C=native code)
V  [jvm.dll+0x62ae9a]
V  [jvm.dll+0x7817a9]
V  [jvm.dll+0x782f03]
V  [jvm.dll+0x783563]
V  [jvm.dll+0x216325]
V  [jvm.dll+0x97f3a]
V  [jvm.dll+0x9861c]
V  [jvm.dll+0x32e2a8]
V  [jvm.dll+0x2f768a]
V  [jvm.dll+0x2f6a4a]
V  [jvm.dll+0x1ea705]
V  [jvm.dll+0x1e996e]
V  [jvm.dll+0x178567]
V  [jvm.dll+0x1f9225]
V  [jvm.dll+0x1f72cc]
V  [jvm.dll+0x74495d]
V  [jvm.dll+0x73d75a]
V  [jvm.dll+0x629c56]
C  [ucrtbase.dll+0x210b2]
C  [KERNEL32.DLL+0x17c24]
C  [ntdll.dll+0x6d721]


---------------  P R O C E S S  ---------------

Threads class SMR info:
_java_thread_list=0x0000019ae06a2b70, length=35, elements={
0x0000019ac379fb40, 0x0000019ac3813fe0, 0x0000019ac3814be0, 0x0000019add356dc0,
0x0000019add357680, 0x0000019add358130, 0x0000019add358fc0, 0x0000019add35db80,
0x0000019add37c560, 0x0000019ade51dd90, 0x0000019ade5cd320, 0x0000019adeaf2f70,
0x0000019adeb62880, 0x0000019adeb62d50, 0x0000019adeb8d020, 0x0000019adf974170,
0x0000019ae05f9cb0, 0x0000019ae0f09f80, 0x0000019ae15c6210, 0x0000019ae15c66e0,
0x0000019adfaa1d90, 0x0000019adfaa13f0, 0x0000019adfa9e3d0, 0x0000019adfaa0f20,
0x0000019adfa9f710, 0x0000019adfaa0580, 0x0000019adfaa0a50, 0x0000019adfa9ed70,
0x0000019ae0125bd0, 0x0000019ae01260a0, 